# JRE version: OpenJDK Runtime Environment (8.0) (build 1.8.0-adoptopenjdk-_2018_05_19_00_59-b00)
# Java VM: OpenJDK 64-Bit Server VM (25.71-b00 mixed mode windows-amd64 compressed oops)
Heap:
 PSYoungGen      total 68608K, used 11083K [0x00000000eb780000, 0x00000000f0180000, 0x0000000100000000)
  eden space 62976K, 15% used [0x00000000eb780000,0x00000000ec14d4a0,0x00000000ef500000)
  from space 5632K, 18% used [0x00000000efb00000,0x00000000efc05760,0x00000000f0080000)
  to   space 6144K, 0% used [0x00000000ef500000,0x00000000ef500000,0x00000000efb00000)
 ParOldGen       total 42496K, used 8272K [0x00000000c2600000, 0x00000000c4f80000, 0x00000000eb780000)
  object space 42496K, 19% used [0x00000000c2600000,0x00000000c2e14238,0x00000000c4f80000)
 Metaspace       used 17922K, capacity 18314K, committed 18560K, reserved 1064960K
  class space    used 2007K, capacity 2147K, committed 2176K, reserved 1048576K
GC Heap History (10 events):
Event: 5.499 GC heap before
{Heap before GC invocations=4 (full 0):
 PSYoungGen      total 18432K, used 18425K [0x00000000eb780000, 0x00000000ecc00000, 0x0000000100000000)
  eden space 15872K, 100% used [0x00000000eb780000,0x00000000ec700000,0x00000000ec700000)
  from space 2560K, 99% used [0x00000000ec700000,0x00000000ec97e4c0,0x00000000ec980000)
  to   space 2560K, 0% used [0x00000000ec980000,0x00000000ec980000,0x00000000ecc00000)
 ParOldGen       total 42496K, used 4564K [0x00000000c2600000, 0x00000000c4f80000, 0x00000000eb780000)
  object space 42496K, 10% used [0x00000000c2600000,0x00000000c2a75078,0x00000000c4f80000)
 Metaspace       used 17565K, capacity 18010K, committed 18304K, reserved 1064960K
  class space    used 2002K, capacity 2139K, committed 2176K, reserved 1048576K
Event: 5.506 GC heap after
Heap after GC invocations=4 (full 0):
 PSYoungGen      total 18432K, used 2539K [0x00000000eb780000, 0x00000000ecc00000, 0x0000000100000000)
  eden space 15872K, 0% used [0x00000000eb780000,0x00000000eb780000,0x00000000ec700000)
  from space 2560K, 99% used [0x00000000ec980000,0x00000000ecbfaca0,0x00000000ecc00000)
  to   space 2560K, 0% used [0x00000000ec700000,0x00000000ec700000,0x00000000ec980000)
 ParOldGen       total 42496K, used 5459K [0x00000000c2600000, 0x00000000c4f80000, 0x00000000eb780000)
  object space 42496K, 12% used [0x00000000c2600000,0x00000000c2b54fc8,0x00000000c4f80000)
 Metaspace       used 17565K, capacity 18010K, committed 18304K, reserved 1064960K
  class space    used 2002K, capacity 2139K, committed 2176K, reserved 1048576K
}
Event: 5.897 GC heap before
{Heap before GC invocations=5 (full 0):
 PSYoungGen      total 18432K, used 18411K [0x00000000eb780000, 0x00000000ecc00000, 0x0000000100000000)
  eden space 15872K, 100% used [0x00000000eb780000,0x00000000ec700000,0x00000000ec700000)
  from space 2560K, 99% used [0x00000000ec980000,0x00000000ecbfaca0,0x00000000ecc00000)
  to   space 2560K, 0% used [0x00000000ec700000,0x00000000ec700000,0x00000000ec980000)
 ParOldGen       total 42496K, used 5459K [0x00000000c2600000, 0x00000000c4f80000, 0x00000000eb780000)
  object space 42496K, 12% used [0x00000000c2600000,0x00000000c2b54fc8,0x00000000c4f80000)
 Metaspace       used 17632K, capacity 18080K, committed 18304K, reserved 1064960K
  class space    used 2003K, capacity 2140K, committed 2176K, reserved 1048576K
Event: 5.906 GC heap after
Heap after GC invocations=5 (full 0):
 PSYoungGen      total 18432K, used 2555K [0x00000000eb780000, 0x00000000ee180000, 0x0000000100000000)
  eden space 15872K, 0% used [0x00000000eb780000,0x00000000eb780000,0x00000000ec700000)
  from space 2560K, 99% used [0x00000000ec700000,0x00000000ec97ec90,0x00000000ec980000)
  to   space 5632K, 0% used [0x00000000edc00000,0x00000000edc00000,0x00000000ee180000)
 ParOldGen       total 42496K, used 5724K [0x00000000c2600000, 0x00000000c4f80000, 0x00000000eb780000)
  object space 42496K, 13% used [0x00000000c2600000,0x00000000c2b97288,0x00000000c4f80000)
 Metaspace       used 17632K, capacity 18080K, committed 18304K, reserved 1064960K
  class space    used 2003K, capacity 2140K, committed 2176K, reserved 1048576K
}
Event: 6.320 GC heap before
{Heap before GC invocations=6 (full 0):
 PSYoungGen      total 18432K, used 18421K [0x00000000eb780000, 0x00000000ee180000, 0x0000000100000000)
  eden space 15872K, 99% used [0x00000000eb780000,0x00000000ec6feb50,0x00000000ec700000)
  from space 2560K, 99% used [0x00000000ec700000,0x00000000ec97ec90,0x00000000ec980000)
  to   space 5632K, 0% used [0x00000000edc00000,0x00000000edc00000,0x00000000ee180000)
 ParOldGen       total 42496K, used 5724K [0x00000000c2600000, 0x00000000c4f80000, 0x00000000eb780000)
  object space 42496K, 13% used [0x00000000c2600000,0x00000000c2b97288,0x00000000c4f80000)
 Metaspace       used 17687K, capacity 18080K, committed 18304K, reserved 1064960K
  class space    used 2003K, capacity 2140K, committed 2176K, reserved 1048576K
Event: 6.329 GC heap after
Heap after GC invocations=6 (full 0):
 PSYoungGen      total 37376K, used 3005K [0x00000000eb780000, 0x00000000ee180000, 0x0000000100000000)
  eden space 31744K, 0% used [0x00000000eb780000,0x00000000eb780000,0x00000000ed680000)
  from space 5632K, 53% used [0x00000000edc00000,0x00000000edeef730,0x00000000ee180000)
  to   space 5632K, 0% used [0x00000000ed680000,0x00000000ed680000,0x00000000edc00000)
 ParOldGen       total 42496K, used 5732K [0x00000000c2600000, 0x00000000c4f80000, 0x00000000eb780000)
  object space 42496K, 13% used [0x00000000c2600000,0x00000000c2b99288,0x00000000c4f80000)
 Metaspace       used 17687K, capacity 18080K, committed 18304K, reserved 1064960K
  class space    used 2003K, capacity 2140K, committed 2176K, reserved 1048576K
}
Event: 7.350 GC heap before
{Heap before GC invocations=7 (full 0):
 PSYoungGen      total 37376K, used 34749K [0x00000000eb780000, 0x00000000ee180000, 0x0000000100000000)
  eden space 31744K, 100% used [0x00000000eb780000,0x00000000ed680000,0x00000000ed680000)
  from space 5632K, 53% used [0x00000000edc00000,0x00000000edeef730,0x00000000ee180000)
  to   space 5632K, 0% used [0x00000000ed680000,0x00000000ed680000,0x00000000edc00000)
 ParOldGen       total 42496K, used 5732K [0x00000000c2600000, 0x00000000c4f80000, 0x00000000eb780000)
  object space 42496K, 13% used [0x00000000c2600000,0x00000000c2b99288,0x00000000c4f80000)
 Metaspace       used 17727K, capacity 18144K, committed 18304K, reserved 1064960K
  class space    used 2003K, capacity 2140K, committed 2176K, reserved 1048576K
Event: 7.396 GC heap after
Heap after GC invocations=7 (full 0):
 PSYoungGen      total 37376K, used 1834K [0x00000000eb780000, 0x00000000f0080000, 0x0000000100000000)
  eden space 31744K, 0% used [0x00000000eb780000,0x00000000eb780000,0x00000000ed680000)
  from space 5632K, 32% used [0x00000000ed680000,0x00000000ed84a960,0x00000000edc00000)
  to   space 5632K, 0% used [0x00000000efb00000,0x00000000efb00000,0x00000000f0080000)
 ParOldGen       total 42496K, used 7190K [0x00000000c2600000, 0x00000000c4f80000, 0x00000000eb780000)
  object space 42496K, 16% used [0x00000000c2600000,0x00000000c2d05a38,0x00000000c4f80000)
 Metaspace       used 17727K, capacity 18144K, committed 18304K, reserved 1064960K
  class space    used 2003K, capacity 2140K, committed 2176K, reserved 1048576K
}
Event: 8.434 GC heap before
{Heap before GC invocations=8 (full 0):
 PSYoungGen      total 37376K, used 33578K [0x00000000eb780000, 0x00000000f0080000, 0x0000000100000000)
  eden space 31744K, 100% used [0x00000000eb780000,0x00000000ed680000,0x00000000ed680000)
  from space 5632K, 32% used [0x00000000ed680000,0x00000000ed84a960,0x00000000edc00000)
  to   space 5632K, 0% used [0x00000000efb00000,0x00000000efb00000,0x00000000f0080000)
 ParOldGen       total 42496K, used 7190K [0x00000000c2600000, 0x00000000c4f80000, 0x00000000eb780000)
  object space 42496K, 16% used [0x00000000c2600000,0x00000000c2d05a38,0x00000000c4f80000)
 Metaspace       used 17840K, capacity 18238K, committed 18304K, reserved 1064960K
  class space    used 2006K, capacity 2145K, committed 2176K, reserved 1048576K
Event: 8.438 GC heap after
Heap after GC invocations=8 (full 0):
 PSYoungGen      total 68608K, used 1045K [0x00000000eb780000, 0x00000000f0180000, 0x0000000100000000)
  eden space 62976K, 0% used [0x00000000eb780000,0x00000000eb780000,0x00000000ef500000)
  from space 5632K, 18% used [0x00000000efb00000,0x00000000efc05760,0x00000000f0080000)
  to   space 6144K, 0% used [0x00000000ef500000,0x00000000ef500000,0x00000000efb00000)
 ParOldGen       total 42496K, used 8272K [0x00000000c2600000, 0x00000000c4f80000, 0x00000000eb780000)
  object space 42496K, 19% used [0x00000000c2600000,0x00000000c2e14238,0x00000000c4f80000)
 Metaspace       used 17840K, capacity 18238K, committed 18304K, reserved 1064960K
  class space    used 2006K, capacity 2145K, committed 2176K, reserved 1048576K
}

